{"/home/ruiined/projects/bank-tech-test/bank.js": {"path":"/home/ruiined/projects/bank-tech-test/bank.js","statementMap":{"0":{"start":{"line":3,"column":4},"end":{"line":3,"column":21}},"1":{"start":{"line":4,"column":4},"end":{"line":4,"column":27}},"2":{"start":{"line":8,"column":4},"end":{"line":8,"column":24}},"3":{"start":{"line":12,"column":4},"end":{"line":12,"column":29}},"4":{"start":{"line":16,"column":4},"end":{"line":16,"column":33}},"5":{"start":{"line":17,"column":17},"end":{"line":17,"column":48}},"6":{"start":{"line":18,"column":4},"end":{"line":18,"column":27}},"7":{"start":{"line":19,"column":4},"end":{"line":19,"column":43}},"8":{"start":{"line":23,"column":4},"end":{"line":27,"column":7}},"9":{"start":{"line":31,"column":4},"end":{"line":32,"column":37}},"10":{"start":{"line":32,"column":6},"end":{"line":32,"column":37}},"11":{"start":{"line":33,"column":4},"end":{"line":33,"column":75}},"12":{"start":{"line":33,"column":46},"end":{"line":33,"column":75}},"13":{"start":{"line":37,"column":0},"end":{"line":37,"column":22}}},"fnMap":{"0":{"name":"(anonymous_0)","decl":{"start":{"line":2,"column":2},"end":{"line":2,"column":3}},"loc":{"start":{"line":2,"column":16},"end":{"line":5,"column":3}},"line":2},"1":{"name":"(anonymous_1)","decl":{"start":{"line":7,"column":2},"end":{"line":7,"column":3}},"loc":{"start":{"line":7,"column":15},"end":{"line":9,"column":3}},"line":7},"2":{"name":"(anonymous_2)","decl":{"start":{"line":11,"column":2},"end":{"line":11,"column":3}},"loc":{"start":{"line":11,"column":20},"end":{"line":13,"column":3}},"line":11},"3":{"name":"(anonymous_3)","decl":{"start":{"line":15,"column":2},"end":{"line":15,"column":3}},"loc":{"start":{"line":15,"column":26},"end":{"line":20,"column":3}},"line":15},"4":{"name":"(anonymous_4)","decl":{"start":{"line":22,"column":2},"end":{"line":22,"column":3}},"loc":{"start":{"line":22,"column":36},"end":{"line":28,"column":3}},"line":22},"5":{"name":"(anonymous_5)","decl":{"start":{"line":30,"column":2},"end":{"line":30,"column":3}},"loc":{"start":{"line":30,"column":26},"end":{"line":34,"column":3}},"line":30}},"branchMap":{"0":{"loc":{"start":{"line":17,"column":17},"end":{"line":17,"column":48}},"type":"cond-expr","locations":[{"start":{"line":17,"column":30},"end":{"line":17,"column":37}},{"start":{"line":17,"column":40},"end":{"line":17,"column":48}}],"line":17},"1":{"loc":{"start":{"line":31,"column":4},"end":{"line":32,"column":37}},"type":"if","locations":[{"start":{"line":31,"column":4},"end":{"line":32,"column":37}},{"start":{},"end":{}}],"line":31},"2":{"loc":{"start":{"line":31,"column":8},"end":{"line":31,"column":49}},"type":"binary-expr","locations":[{"start":{"line":31,"column":8},"end":{"line":31,"column":33}},{"start":{"line":31,"column":37},"end":{"line":31,"column":49}}],"line":31},"3":{"loc":{"start":{"line":33,"column":4},"end":{"line":33,"column":75}},"type":"if","locations":[{"start":{"line":33,"column":4},"end":{"line":33,"column":75}},{"start":{},"end":{}}],"line":33},"4":{"loc":{"start":{"line":33,"column":8},"end":{"line":33,"column":44}},"type":"binary-expr","locations":[{"start":{"line":33,"column":8},"end":{"line":33,"column":18}},{"start":{"line":33,"column":22},"end":{"line":33,"column":44}}],"line":33}},"s":{"0":2,"1":2,"2":3,"3":2,"4":8,"5":2,"6":2,"7":2,"8":2,"9":8,"10":5,"11":3,"12":1,"13":1},"f":{"0":2,"1":3,"2":2,"3":8,"4":2,"5":8},"b":{"0":[1,1],"1":[5,3],"2":[8,4],"3":[1,2],"4":[3,2]},"_coverageSchema":"1a1c01bbd47fc00a2c39e90264f33305004495a9","hash":"7cd2b5d8d588a92af7f2ff717b4783a7c12d45d1"}
}
