TN:
SF:bank.js
FN:2,(anonymous_0)
FN:7,(anonymous_1)
FN:11,(anonymous_2)
FN:15,(anonymous_3)
FN:22,(anonymous_4)
FN:30,(anonymous_5)
FNF:6
FNH:6
FNDA:2,(anonymous_0)
FNDA:3,(anonymous_1)
FNDA:2,(anonymous_2)
FNDA:8,(anonymous_3)
FNDA:2,(anonymous_4)
FNDA:8,(anonymous_5)
DA:3,2
DA:4,2
DA:8,3
DA:12,2
DA:16,8
DA:17,2
DA:18,2
DA:19,2
DA:23,2
DA:31,8
DA:32,5
DA:33,3
DA:37,1
LF:13
LH:13
BRDA:17,0,0,1
BRDA:17,0,1,1
BRDA:31,1,0,5
BRDA:31,1,1,3
BRDA:31,2,0,8
BRDA:31,2,1,4
BRDA:33,3,0,1
BRDA:33,3,1,2
BRDA:33,4,0,3
BRDA:33,4,1,2
BRF:10
BRH:10
end_of_record
