TN:
SF:src/bank.js
FN:4,(anonymous_0)
FN:10,(anonymous_1)
FN:17,(anonymous_2)
FN:21,(anonymous_3)
FN:29,(anonymous_4)
FNF:5
FNH:5
FNDA:2,(anonymous_0)
FNDA:8,(anonymous_1)
FNDA:1,(anonymous_2)
FNDA:2,(anonymous_3)
FNDA:8,(anonymous_4)
DA:1,1
DA:5,2
DA:6,2
DA:7,2
DA:11,8
DA:12,2
DA:13,2
DA:14,2
DA:18,1
DA:22,2
DA:30,8
DA:31,5
DA:32,3
DA:36,1
LF:14
LH:14
BRDA:4,0,0,2
BRDA:12,1,0,1
BRDA:12,1,1,1
BRDA:30,2,0,5
BRDA:30,2,1,3
BRDA:30,3,0,8
BRDA:30,3,1,4
BRDA:32,4,0,1
BRDA:32,4,1,2
BRDA:32,5,0,3
BRDA:32,5,1,2
BRF:11
BRH:11
end_of_record
TN:
SF:src/printer.js
FN:2,(anonymous_0)
FN:4,(anonymous_1)
FN:10,(anonymous_2)
FN:18,(anonymous_3)
FNF:4
FNH:4
FNDA:1,(anonymous_0)
FNDA:3,(anonymous_1)
FNDA:3,(anonymous_2)
FNDA:9,(anonymous_3)
DA:3,1
DA:4,1
DA:5,3
DA:7,1
DA:11,3
DA:12,3
DA:13,3
DA:15,3
DA:19,9
DA:25,1
LF:10
LH:10
BRDA:19,0,0,6
BRDA:19,0,1,3
BRF:2
BRH:2
end_of_record
